Analysis & Elaboration report for DataPath
Tue Mar 26 21:24:19 2024
Quartus Prime Version 18.1.0 Build 625 09/12/2018 SJ Standard Edition


---------------------
; Table of Contents ;
---------------------
  1. Legal Notice
  2. Analysis & Elaboration Summary
  3. Parallel Compilation
  4. Parameter Settings for User Entity Instance: Top-level Entity: |RAM512x32
  5. Analysis & Elaboration Settings
  6. Analysis & Elaboration Messages



----------------
; Legal Notice ;
----------------
Copyright (C) 2018  Intel Corporation. All rights reserved.
Your use of Intel Corporation's design tools, logic functions 
and other software and tools, and its AMPP partner logic 
functions, and any output files from any of the foregoing 
(including device programming or simulation files), and any 
associated documentation or information are expressly subject 
to the terms and conditions of the Intel Program License 
Subscription Agreement, the Intel Quartus Prime License Agreement,
the Intel FPGA IP License Agreement, or other applicable license
agreement, including, without limitation, that your use is for
the sole purpose of programming logic devices manufactured by
Intel and sold by Intel or its authorized distributors.  Please
refer to the applicable agreement for further details.



+---------------------------------------------------------------------------------+
; Analysis & Elaboration Summary                                                  ;
+-------------------------------+-------------------------------------------------+
; Analysis & Elaboration Status ; Successful - Tue Mar 26 21:24:19 2024           ;
; Quartus Prime Version         ; 18.1.0 Build 625 09/12/2018 SJ Standard Edition ;
; Revision Name                 ; DataPath                                        ;
; Top-level Entity Name         ; RAM512x32                                       ;
; Family                        ; Cyclone V                                       ;
; Logic utilization (in ALMs)   ; N/A until Partition Merge                       ;
; Total registers               ; N/A until Partition Merge                       ;
; Total pins                    ; N/A until Partition Merge                       ;
; Total virtual pins            ; N/A until Partition Merge                       ;
; Total block memory bits       ; N/A until Partition Merge                       ;
; Total PLLs                    ; N/A until Partition Merge                       ;
; Total DLLs                    ; N/A until Partition Merge                       ;
+-------------------------------+-------------------------------------------------+


+------------------------------------------+
; Parallel Compilation                     ;
+----------------------------+-------------+
; Processors                 ; Number      ;
+----------------------------+-------------+
; Number detected on machine ; 32          ;
; Maximum allowed            ; 16          ;
;                            ;             ;
; Average used               ; 1.00        ;
; Maximum used               ; 1           ;
;                            ;             ;
; Usage by Processor         ; % Time Used ;
;     Processor 1            ; 100.0%      ;
+----------------------------+-------------+


+---------------------------------------------------------------------------+
; Parameter Settings for User Entity Instance: Top-level Entity: |RAM512x32 ;
+----------------+----------------------------------+-----------------------+
; Parameter Name ; Value                            ; Type                  ;
+----------------+----------------------------------+-----------------------+
; DATA_WIDTH     ; 32                               ; Signed Integer        ;
; ADDR_WIDTH     ; 9                                ; Signed Integer        ;
; INIT           ; 00000000000000000000000000000000 ; Unsigned Binary       ;
+----------------+----------------------------------+-----------------------+
Note: In order to hide this table in the UI and the text report file, please set the "Show Parameter Settings in Synthesis Report" option in "Analysis and Synthesis Settings -> More Settings" to "Off".


+---------------------------------------------------------------------------------------------------------------------------+
; Analysis & Elaboration Settings                                                                                           ;
+---------------------------------------------------------------------------------+--------------------+--------------------+
; Option                                                                          ; Setting            ; Default Value      ;
+---------------------------------------------------------------------------------+--------------------+--------------------+
; Device                                                                          ; 5CGXFC7C7F23C8     ;                    ;
; Top-level entity name                                                           ; RAM512x32          ; DataPath           ;
; Family name                                                                     ; Cyclone V          ; Cyclone V          ;
; Use smart compilation                                                           ; Off                ; Off                ;
; Enable parallel Assembler and Timing Analyzer during compilation                ; On                 ; On                 ;
; Enable compact report table                                                     ; Off                ; Off                ;
; Restructure Multiplexers                                                        ; Auto               ; Auto               ;
; MLAB Add Timing Constraints For Mixed-Port Feed-Through Mode Setting Don't Care ; Off                ; Off                ;
; Create Debugging Nodes for IP Cores                                             ; Off                ; Off                ;
; Preserve fewer node names                                                       ; On                 ; On                 ;
; Intel FPGA IP Evaluation Mode                                                   ; Enable             ; Enable             ;
; Verilog Version                                                                 ; Verilog_2001       ; Verilog_2001       ;
; VHDL Version                                                                    ; VHDL_1993          ; VHDL_1993          ;
; State Machine Processing                                                        ; Auto               ; Auto               ;
; Safe State Machine                                                              ; Off                ; Off                ;
; Extract Verilog State Machines                                                  ; On                 ; On                 ;
; Extract VHDL State Machines                                                     ; On                 ; On                 ;
; Ignore Verilog initial constructs                                               ; Off                ; Off                ;
; Iteration limit for constant Verilog loops                                      ; 5000               ; 5000               ;
; Iteration limit for non-constant Verilog loops                                  ; 250                ; 250                ;
; Add Pass-Through Logic to Inferred RAMs                                         ; On                 ; On                 ;
; Infer RAMs from Raw Logic                                                       ; On                 ; On                 ;
; Parallel Synthesis                                                              ; On                 ; On                 ;
; DSP Block Balancing                                                             ; Auto               ; Auto               ;
; NOT Gate Push-Back                                                              ; On                 ; On                 ;
; Power-Up Don't Care                                                             ; On                 ; On                 ;
; Remove Redundant Logic Cells                                                    ; Off                ; Off                ;
; Remove Duplicate Registers                                                      ; On                 ; On                 ;
; Ignore CARRY Buffers                                                            ; Off                ; Off                ;
; Ignore CASCADE Buffers                                                          ; Off                ; Off                ;
; Ignore GLOBAL Buffers                                                           ; Off                ; Off                ;
; Ignore ROW GLOBAL Buffers                                                       ; Off                ; Off                ;
; Ignore LCELL Buffers                                                            ; Off                ; Off                ;
; Ignore SOFT Buffers                                                             ; On                 ; On                 ;
; Limit AHDL Integers to 32 Bits                                                  ; Off                ; Off                ;
; Optimization Technique                                                          ; Balanced           ; Balanced           ;
; Carry Chain Length                                                              ; 70                 ; 70                 ;
; Auto Carry Chains                                                               ; On                 ; On                 ;
; Auto Open-Drain Pins                                                            ; On                 ; On                 ;
; Perform WYSIWYG Primitive Resynthesis                                           ; Off                ; Off                ;
; Auto ROM Replacement                                                            ; On                 ; On                 ;
; Auto RAM Replacement                                                            ; On                 ; On                 ;
; Auto DSP Block Replacement                                                      ; On                 ; On                 ;
; Auto Shift Register Replacement                                                 ; Auto               ; Auto               ;
; Allow Shift Register Merging across Hierarchies                                 ; Auto               ; Auto               ;
; Auto Clock Enable Replacement                                                   ; On                 ; On                 ;
; Strict RAM Replacement                                                          ; Off                ; Off                ;
; Allow Synchronous Control Signals                                               ; On                 ; On                 ;
; Force Use of Synchronous Clear Signals                                          ; Off                ; Off                ;
; Auto Resource Sharing                                                           ; Off                ; Off                ;
; Allow Any RAM Size For Recognition                                              ; Off                ; Off                ;
; Allow Any ROM Size For Recognition                                              ; Off                ; Off                ;
; Allow Any Shift Register Size For Recognition                                   ; Off                ; Off                ;
; Use LogicLock Constraints during Resource Balancing                             ; On                 ; On                 ;
; Ignore translate_off and synthesis_off directives                               ; Off                ; Off                ;
; Timing-Driven Synthesis                                                         ; On                 ; On                 ;
; Report Parameter Settings                                                       ; On                 ; On                 ;
; Report Source Assignments                                                       ; On                 ; On                 ;
; Report Connectivity Checks                                                      ; On                 ; On                 ;
; Ignore Maximum Fan-Out Assignments                                              ; Off                ; Off                ;
; Synchronization Register Chain Length                                           ; 3                  ; 3                  ;
; Power Optimization During Synthesis                                             ; Normal compilation ; Normal compilation ;
; HDL message level                                                               ; Level2             ; Level2             ;
; Suppress Register Optimization Related Messages                                 ; Off                ; Off                ;
; Number of Removed Registers Reported in Synthesis Report                        ; 5000               ; 5000               ;
; Number of Swept Nodes Reported in Synthesis Report                              ; 5000               ; 5000               ;
; Number of Inverted Registers Reported in Synthesis Report                       ; 100                ; 100                ;
; Clock MUX Protection                                                            ; On                 ; On                 ;
; Auto Gated Clock Conversion                                                     ; Off                ; Off                ;
; Block Design Naming                                                             ; Auto               ; Auto               ;
; SDC constraint protection                                                       ; Off                ; Off                ;
; Synthesis Effort                                                                ; Auto               ; Auto               ;
; Shift Register Replacement - Allow Asynchronous Clear Signal                    ; On                 ; On                 ;
; Pre-Mapping Resynthesis Optimization                                            ; Off                ; Off                ;
; Analysis & Synthesis Message Level                                              ; Medium             ; Medium             ;
; Disable Register Merging Across Hierarchies                                     ; Auto               ; Auto               ;
; Resource Aware Inference For Block RAM                                          ; On                 ; On                 ;
; Automatic Parallel Synthesis                                                    ; On                 ; On                 ;
; Partial Reconfiguration Bitstream ID                                            ; Off                ; Off                ;
+---------------------------------------------------------------------------------+--------------------+--------------------+


+---------------------------------+
; Analysis & Elaboration Messages ;
+---------------------------------+
Info: *******************************************************************
Info: Running Quartus Prime Analysis & Elaboration
    Info: Version 18.1.0 Build 625 09/12/2018 SJ Standard Edition
    Info: Processing started: Tue Mar 26 21:24:14 2024
Info: Command: quartus_map --read_settings_files=on --write_settings_files=off CPU_Design -c DataPath --analysis_and_elaboration
Warning (18236): Number of processors has not been specified which may cause overloading on shared machines.  Set the global assignment NUM_PARALLEL_PROCESSORS in your QSF to an appropriate value for best performance.
Info (20030): Parallel compilation is enabled and will use 16 of the 24 processors detected
Info (12021): Found 1 design units, including 1 entities, in source file testbench_ram.v
    Info (12023): Found entity 1: TESTBENCH_RAM File: C:/Users/20lfr/Desktop/ELEC_374_project/System/TESTBENCH_RAM.v Line: 3
Info (12021): Found 1 design units, including 1 entities, in source file memory/ram512x32.v
    Info (12023): Found entity 1: RAM512x32 File: C:/Users/20lfr/Desktop/ELEC_374_project/System/Memory/RAM512x32.v Line: 1
Info (12127): Elaborating entity "RAM512x32" for the top level hierarchy
Warning (10235): Verilog HDL Always Construct warning at RAM512x32.v(31): variable "overide" is read inside the Always Construct but isn't in the Always Construct's Event Control File: C:/Users/20lfr/Desktop/ELEC_374_project/System/Memory/RAM512x32.v Line: 31
Warning (10235): Verilog HDL Always Construct warning at RAM512x32.v(32): variable "overide_data_in" is read inside the Always Construct but isn't in the Always Construct's Event Control File: C:/Users/20lfr/Desktop/ELEC_374_project/System/Memory/RAM512x32.v Line: 32
Warning (10235): Verilog HDL Always Construct warning at RAM512x32.v(32): variable "overide_address" is read inside the Always Construct but isn't in the Always Construct's Event Control File: C:/Users/20lfr/Desktop/ELEC_374_project/System/Memory/RAM512x32.v Line: 32
Warning (10235): Verilog HDL Always Construct warning at RAM512x32.v(35): variable "read" is read inside the Always Construct but isn't in the Always Construct's Event Control File: C:/Users/20lfr/Desktop/ELEC_374_project/System/Memory/RAM512x32.v Line: 35
Warning (10235): Verilog HDL Always Construct warning at RAM512x32.v(36): variable "address" is read inside the Always Construct but isn't in the Always Construct's Event Control File: C:/Users/20lfr/Desktop/ELEC_374_project/System/Memory/RAM512x32.v Line: 36
Warning (10235): Verilog HDL Always Construct warning at RAM512x32.v(38): variable "write" is read inside the Always Construct but isn't in the Always Construct's Event Control File: C:/Users/20lfr/Desktop/ELEC_374_project/System/Memory/RAM512x32.v Line: 38
Warning (10235): Verilog HDL Always Construct warning at RAM512x32.v(39): variable "data_in" is read inside the Always Construct but isn't in the Always Construct's Event Control File: C:/Users/20lfr/Desktop/ELEC_374_project/System/Memory/RAM512x32.v Line: 39
Warning (10235): Verilog HDL Always Construct warning at RAM512x32.v(39): variable "address" is read inside the Always Construct but isn't in the Always Construct's Event Control File: C:/Users/20lfr/Desktop/ELEC_374_project/System/Memory/RAM512x32.v Line: 39
Warning (10240): Verilog HDL Always Construct warning at RAM512x32.v(28): inferring latch(es) for variable "q", which holds its previous value in one or more paths through the always construct File: C:/Users/20lfr/Desktop/ELEC_374_project/System/Memory/RAM512x32.v Line: 28
Info (10041): Inferred latch for "q[0]" at RAM512x32.v(28) File: C:/Users/20lfr/Desktop/ELEC_374_project/System/Memory/RAM512x32.v Line: 28
Info (10041): Inferred latch for "q[1]" at RAM512x32.v(28) File: C:/Users/20lfr/Desktop/ELEC_374_project/System/Memory/RAM512x32.v Line: 28
Info (10041): Inferred latch for "q[2]" at RAM512x32.v(28) File: C:/Users/20lfr/Desktop/ELEC_374_project/System/Memory/RAM512x32.v Line: 28
Info (10041): Inferred latch for "q[3]" at RAM512x32.v(28) File: C:/Users/20lfr/Desktop/ELEC_374_project/System/Memory/RAM512x32.v Line: 28
Info (10041): Inferred latch for "q[4]" at RAM512x32.v(28) File: C:/Users/20lfr/Desktop/ELEC_374_project/System/Memory/RAM512x32.v Line: 28
Info (10041): Inferred latch for "q[5]" at RAM512x32.v(28) File: C:/Users/20lfr/Desktop/ELEC_374_project/System/Memory/RAM512x32.v Line: 28
Info (10041): Inferred latch for "q[6]" at RAM512x32.v(28) File: C:/Users/20lfr/Desktop/ELEC_374_project/System/Memory/RAM512x32.v Line: 28
Info (10041): Inferred latch for "q[7]" at RAM512x32.v(28) File: C:/Users/20lfr/Desktop/ELEC_374_project/System/Memory/RAM512x32.v Line: 28
Info (10041): Inferred latch for "q[8]" at RAM512x32.v(28) File: C:/Users/20lfr/Desktop/ELEC_374_project/System/Memory/RAM512x32.v Line: 28
Info (10041): Inferred latch for "q[9]" at RAM512x32.v(28) File: C:/Users/20lfr/Desktop/ELEC_374_project/System/Memory/RAM512x32.v Line: 28
Info (10041): Inferred latch for "q[10]" at RAM512x32.v(28) File: C:/Users/20lfr/Desktop/ELEC_374_project/System/Memory/RAM512x32.v Line: 28
Info (10041): Inferred latch for "q[11]" at RAM512x32.v(28) File: C:/Users/20lfr/Desktop/ELEC_374_project/System/Memory/RAM512x32.v Line: 28
Info (10041): Inferred latch for "q[12]" at RAM512x32.v(28) File: C:/Users/20lfr/Desktop/ELEC_374_project/System/Memory/RAM512x32.v Line: 28
Info (10041): Inferred latch for "q[13]" at RAM512x32.v(28) File: C:/Users/20lfr/Desktop/ELEC_374_project/System/Memory/RAM512x32.v Line: 28
Info (10041): Inferred latch for "q[14]" at RAM512x32.v(28) File: C:/Users/20lfr/Desktop/ELEC_374_project/System/Memory/RAM512x32.v Line: 28
Info (10041): Inferred latch for "q[15]" at RAM512x32.v(28) File: C:/Users/20lfr/Desktop/ELEC_374_project/System/Memory/RAM512x32.v Line: 28
Info (10041): Inferred latch for "q[16]" at RAM512x32.v(28) File: C:/Users/20lfr/Desktop/ELEC_374_project/System/Memory/RAM512x32.v Line: 28
Info (10041): Inferred latch for "q[17]" at RAM512x32.v(28) File: C:/Users/20lfr/Desktop/ELEC_374_project/System/Memory/RAM512x32.v Line: 28
Info (10041): Inferred latch for "q[18]" at RAM512x32.v(28) File: C:/Users/20lfr/Desktop/ELEC_374_project/System/Memory/RAM512x32.v Line: 28
Info (10041): Inferred latch for "q[19]" at RAM512x32.v(28) File: C:/Users/20lfr/Desktop/ELEC_374_project/System/Memory/RAM512x32.v Line: 28
Info (10041): Inferred latch for "q[20]" at RAM512x32.v(28) File: C:/Users/20lfr/Desktop/ELEC_374_project/System/Memory/RAM512x32.v Line: 28
Info (10041): Inferred latch for "q[21]" at RAM512x32.v(28) File: C:/Users/20lfr/Desktop/ELEC_374_project/System/Memory/RAM512x32.v Line: 28
Info (10041): Inferred latch for "q[22]" at RAM512x32.v(28) File: C:/Users/20lfr/Desktop/ELEC_374_project/System/Memory/RAM512x32.v Line: 28
Info (10041): Inferred latch for "q[23]" at RAM512x32.v(28) File: C:/Users/20lfr/Desktop/ELEC_374_project/System/Memory/RAM512x32.v Line: 28
Info (10041): Inferred latch for "q[24]" at RAM512x32.v(28) File: C:/Users/20lfr/Desktop/ELEC_374_project/System/Memory/RAM512x32.v Line: 28
Info (10041): Inferred latch for "q[25]" at RAM512x32.v(28) File: C:/Users/20lfr/Desktop/ELEC_374_project/System/Memory/RAM512x32.v Line: 28
Info (10041): Inferred latch for "q[26]" at RAM512x32.v(28) File: C:/Users/20lfr/Desktop/ELEC_374_project/System/Memory/RAM512x32.v Line: 28
Info (10041): Inferred latch for "q[27]" at RAM512x32.v(28) File: C:/Users/20lfr/Desktop/ELEC_374_project/System/Memory/RAM512x32.v Line: 28
Info (10041): Inferred latch for "q[28]" at RAM512x32.v(28) File: C:/Users/20lfr/Desktop/ELEC_374_project/System/Memory/RAM512x32.v Line: 28
Info (10041): Inferred latch for "q[29]" at RAM512x32.v(28) File: C:/Users/20lfr/Desktop/ELEC_374_project/System/Memory/RAM512x32.v Line: 28
Info (10041): Inferred latch for "q[30]" at RAM512x32.v(28) File: C:/Users/20lfr/Desktop/ELEC_374_project/System/Memory/RAM512x32.v Line: 28
Info (10041): Inferred latch for "q[31]" at RAM512x32.v(28) File: C:/Users/20lfr/Desktop/ELEC_374_project/System/Memory/RAM512x32.v Line: 28
Info: Quartus Prime Analysis & Elaboration was successful. 0 errors, 10 warnings
    Info: Peak virtual memory: 4778 megabytes
    Info: Processing ended: Tue Mar 26 21:24:19 2024
    Info: Elapsed time: 00:00:05
    Info: Total CPU time (on all processors): 00:00:03


