Flow report for DataPath
Fri Apr 05 14:44:06 2024
Quartus Prime Version 18.1.0 Build 625 09/12/2018 SJ Standard Edition


---------------------
; Table of Contents ;
---------------------
  1. Legal Notice
  2. Flow Summary
  3. Flow Settings
  4. Flow Non-Default Global Settings
  5. Flow Elapsed Time
  6. Flow OS Summary
  7. Flow Log
  8. Flow Messages
  9. Flow Suppressed Messages



----------------
; Legal Notice ;
----------------
Copyright (C) 2018  Intel Corporation. All rights reserved.
Your use of Intel Corporation's design tools, logic functions 
and other software and tools, and its AMPP partner logic 
functions, and any output files from any of the foregoing 
(including device programming or simulation files), and any 
associated documentation or information are expressly subject 
to the terms and conditions of the Intel Program License 
Subscription Agreement, the Intel Quartus Prime License Agreement,
the Intel FPGA IP License Agreement, or other applicable license
agreement, including, without limitation, that your use is for
the sole purpose of programming logic devices manufactured by
Intel and sold by Intel or its authorized distributors.  Please
refer to the applicable agreement for further details.



+-----------------------------------------------------------------------------------+
; Flow Summary                                                                      ;
+---------------------------------+-------------------------------------------------+
; Flow Status                     ; Successful - Fri Apr 05 14:44:06 2024           ;
; Quartus Prime Version           ; 18.1.0 Build 625 09/12/2018 SJ Standard Edition ;
; Revision Name                   ; DataPath                                        ;
; Top-level Entity Name           ; System                                          ;
; Family                          ; Cyclone V                                       ;
; Device                          ; 5CEBA4F23C7                                     ;
; Timing Models                   ; Final                                           ;
; Logic utilization (in ALMs)     ; 2,363 / 18,480 ( 13 % )                         ;
; Total registers                 ; 741                                             ;
; Total pins                      ; 50 / 224 ( 22 % )                               ;
; Total virtual pins              ; 0                                               ;
; Total block memory bits         ; 16,384 / 3,153,920 ( < 1 % )                    ;
; Total DSP Blocks                ; 0 / 66 ( 0 % )                                  ;
; Total HSSI RX PCSs              ; 0                                               ;
; Total HSSI PMA RX Deserializers ; 0                                               ;
; Total HSSI TX PCSs              ; 0                                               ;
; Total HSSI PMA TX Serializers   ; 0                                               ;
; Total PLLs                      ; 0 / 4 ( 0 % )                                   ;
; Total DLLs                      ; 0 / 4 ( 0 % )                                   ;
+---------------------------------+-------------------------------------------------+


+-----------------------------------------+
; Flow Settings                           ;
+-------------------+---------------------+
; Option            ; Setting             ;
+-------------------+---------------------+
; Start date & time ; 04/05/2024 14:39:25 ;
; Main task         ; Compilation         ;
; Revision Name     ; DataPath            ;
+-------------------+---------------------+


+---------------------------------------------------------------------------------------------------------------------------------+
; Flow Non-Default Global Settings                                                                                                ;
+--------------------------------------+----------------------------------------+---------------+-------------+-------------------+
; Assignment Name                      ; Value                                  ; Default Value ; Entity Name ; Section Id        ;
+--------------------------------------+----------------------------------------+---------------+-------------+-------------------+
; COMPILER_SIGNATURE_ID                ; 215893810737642.171234236408352        ; --            ; --          ; --                ;
; EDA_DESIGN_INSTANCE_NAME             ; NA                                     ; --            ; --          ; SystemTestBench   ;
; EDA_DESIGN_INSTANCE_NAME             ; NA                                     ; --            ; --          ; TESTBENCH_RAM     ;
; EDA_DESIGN_INSTANCE_NAME             ; NA                                     ; --            ; --          ; Clock_div_tb      ;
; EDA_DESIGN_INSTANCE_NAME             ; NA                                     ; --            ; --          ; Testbench_CONTROL ;
; EDA_NATIVELINK_SIMULATION_TEST_BENCH ; SystemTestBench                        ; --            ; --          ; eda_simulation    ;
; EDA_OUTPUT_DATA_FORMAT               ; Verilog Hdl                            ; --            ; --          ; eda_simulation    ;
; EDA_SIMULATION_TOOL                  ; ModelSim-Altera (Verilog)              ; <None>        ; --          ; --                ;
; EDA_TEST_BENCH_ENABLE_STATUS         ; TEST_BENCH_MODE                        ; --            ; --          ; eda_simulation    ;
; EDA_TEST_BENCH_FILE                  ; SystemTestBench.v                      ; --            ; --          ; SystemTestBench   ;
; EDA_TEST_BENCH_FILE                  ; TESTBENCH_RAM.v                        ; --            ; --          ; TESTBENCH_RAM     ;
; EDA_TEST_BENCH_FILE                  ; Clock_div_tb.v                         ; --            ; --          ; Clock_div_tb      ;
; EDA_TEST_BENCH_FILE                  ; Testbench_CONTROL.v                    ; --            ; --          ; Testbench_CONTROL ;
; EDA_TEST_BENCH_MODULE_NAME           ; SystemTestBench                        ; --            ; --          ; SystemTestBench   ;
; EDA_TEST_BENCH_MODULE_NAME           ; TESTBENCH_RAM                          ; --            ; --          ; TESTBENCH_RAM     ;
; EDA_TEST_BENCH_MODULE_NAME           ; Clock_div_tb                           ; --            ; --          ; Clock_div_tb      ;
; EDA_TEST_BENCH_MODULE_NAME           ; Testbench_CONTROL                      ; --            ; --          ; Testbench_CONTROL ;
; EDA_TEST_BENCH_NAME                  ; TESTBENCH_RAM                          ; --            ; --          ; eda_simulation    ;
; EDA_TEST_BENCH_NAME                  ; Testbench_CONTROL                      ; --            ; --          ; eda_simulation    ;
; EDA_TEST_BENCH_NAME                  ; SystemTestBench                        ; --            ; --          ; eda_simulation    ;
; EDA_TEST_BENCH_NAME                  ; Clock_div_tb                           ; --            ; --          ; eda_simulation    ;
; EDA_TEST_BENCH_RUN_SIM_FOR           ; 5000 ns                                ; --            ; --          ; SystemTestBench   ;
; EDA_TEST_BENCH_RUN_SIM_FOR           ; 1000 ns                                ; --            ; --          ; TESTBENCH_RAM     ;
; EDA_TEST_BENCH_RUN_SIM_FOR           ; 1000 ns                                ; --            ; --          ; Clock_div_tb      ;
; EDA_TEST_BENCH_RUN_SIM_FOR           ; 2000 ns                                ; --            ; --          ; Testbench_CONTROL ;
; EDA_TIME_SCALE                       ; 1 ps                                   ; --            ; --          ; eda_simulation    ;
; MAX_CORE_JUNCTION_TEMP               ; 85                                     ; --            ; --          ; --                ;
; MIN_CORE_JUNCTION_TEMP               ; 0                                      ; --            ; --          ; --                ;
; PARTITION_COLOR                      ; -- (Not supported for targeted family) ; --            ; System      ; Top               ;
; PARTITION_FITTER_PRESERVATION_LEVEL  ; -- (Not supported for targeted family) ; --            ; System      ; Top               ;
; PARTITION_NETLIST_TYPE               ; -- (Not supported for targeted family) ; --            ; System      ; Top               ;
; POWER_BOARD_THERMAL_MODEL            ; None (CONSERVATIVE)                    ; --            ; --          ; --                ;
; POWER_PRESET_COOLING_SOLUTION        ; 23 MM HEAT SINK WITH 200 LFPM AIRFLOW  ; --            ; --          ; --                ;
; TOP_LEVEL_ENTITY                     ; System                                 ; DataPath      ; --          ; --                ;
+--------------------------------------+----------------------------------------+---------------+-------------+-------------------+


+--------------------------------------------------------------------------------------------------------------------------+
; Flow Elapsed Time                                                                                                        ;
+----------------------+--------------+-------------------------+---------------------+------------------------------------+
; Module Name          ; Elapsed Time ; Average Processors Used ; Peak Virtual Memory ; Total CPU Time (on all processors) ;
+----------------------+--------------+-------------------------+---------------------+------------------------------------+
; Analysis & Synthesis ; 00:00:16     ; 1.0                     ; 4952 MB             ; 00:00:08                           ;
; Fitter               ; 00:04:08     ; 1.2                     ; 7711 MB             ; 00:04:08                           ;
; Assembler            ; 00:00:04     ; 1.0                     ; 4859 MB             ; 00:00:02                           ;
; Timing Analyzer      ; 00:00:08     ; 4.4                     ; 5331 MB             ; 00:00:14                           ;
; EDA Netlist Writer   ; 00:00:01     ; 1.0                     ; 4809 MB             ; 00:00:01                           ;
; Total                ; 00:04:37     ; --                      ; --                  ; 00:04:33                           ;
+----------------------+--------------+-------------------------+---------------------+------------------------------------+


+------------------------------------------------------------------------------------+
; Flow OS Summary                                                                    ;
+----------------------+------------------+------------+------------+----------------+
; Module Name          ; Machine Hostname ; OS Name    ; OS Version ; Processor type ;
+----------------------+------------------+------------+------------+----------------+
; Analysis & Synthesis ; WL214-23         ; Windows 10 ; 10.0       ; x86_64         ;
; Fitter               ; WL214-23         ; Windows 10 ; 10.0       ; x86_64         ;
; Assembler            ; WL214-23         ; Windows 10 ; 10.0       ; x86_64         ;
; Timing Analyzer      ; WL214-23         ; Windows 10 ; 10.0       ; x86_64         ;
; EDA Netlist Writer   ; WL214-23         ; Windows 10 ; 10.0       ; x86_64         ;
+----------------------+------------------+------------+------------+----------------+


------------
; Flow Log ;
------------
quartus_map --read_settings_files=on --write_settings_files=off CPU_Design -c DataPath
quartus_fit --read_settings_files=off --write_settings_files=off CPU_Design -c DataPath
quartus_asm --read_settings_files=off --write_settings_files=off CPU_Design -c DataPath
quartus_sta CPU_Design -c DataPath
quartus_eda --read_settings_files=off --write_settings_files=off CPU_Design -c DataPath



